<?xml version="1.0" encoding="UTF-8"?>
<!-- Generated by org.testng.reporters.JUnitReportReporter -->
<testsuite skipped="0" hostname="CPX-35SALLISMRY" name="NewTest" tests="2" failures="0" timestamp="31 out 2019 23:28:26 GMT" time="39.577" errors="0">
  <testcase name="f1" time="23.728" classname="NewTest"/>
  <testcase name="f" time="15.849" classname="NewTest"/>
</testsuite> <!-- NewTest -->
